Dataset: NASDAQ, Seed: 2, Device: cuda, TC Gamma: 1.0
Starting Training TC-SCGRAN...
epoch1##########################################################
Train : loss:1.15e-02
Valid : loss:8.53e-03
Test  : loss:2.16e-02
Valid: IC:0.0320, RIC:0.0299, Net Sharpe:2.7785, Turnover:0.2976, MDD:-0.1879
Test : IC:0.0101, RIC:0.0323, Net Sharpe:-1.1974, Turnover:0.1038, MDD:-0.3193
epoch2##########################################################
Train : loss:2.04e-03
Valid : loss:1.18e-03
Test  : loss:3.47e-03
Valid: IC:0.0295, RIC:0.0275, Net Sharpe:2.1527, Turnover:0.5659, MDD:-0.2364
Test : IC:0.0155, RIC:0.0332, Net Sharpe:-0.5303, Turnover:0.2928, MDD:-0.2813
epoch3##########################################################
Train : loss:1.23e-03
Valid : loss:7.47e-04
Test  : loss:9.76e-04
Valid: IC:0.0206, RIC:0.0214, Net Sharpe:1.3055, Turnover:0.7913, MDD:-0.2722
Test : IC:0.0190, RIC:0.0346, Net Sharpe:0.4432, Turnover:0.6338, MDD:-0.2427
epoch4##########################################################
Train : loss:1.01e-03
Valid : loss:6.57e-04
Test  : loss:7.97e-04
Valid: IC:0.0195, RIC:0.0204, Net Sharpe:1.1768, Turnover:0.8183, MDD:-0.2947
Test : IC:0.0190, RIC:0.0345, Net Sharpe:0.5871, Turnover:0.6489, MDD:-0.1929
epoch5##########################################################
Train : loss:9.52e-04
Valid : loss:7.23e-04
Test  : loss:9.58e-04
Valid: IC:0.0216, RIC:0.0218, Net Sharpe:1.1226, Turnover:0.8246, MDD:-0.2916
Test : IC:0.0194, RIC:0.0348, Net Sharpe:0.1276, Turnover:0.6017, MDD:-0.2637
epoch6##########################################################
Train : loss:8.78e-04
Valid : loss:1.61e-03
Test  : loss:1.79e-03
Valid: IC:0.0248, RIC:0.0238, Net Sharpe:1.0072, Turnover:0.7817, MDD:-0.3753
Test : IC:0.0198, RIC:0.0350, Net Sharpe:-0.8114, Turnover:0.5426, MDD:-0.3449
epoch7##########################################################
Train : loss:8.44e-04
Valid : loss:2.84e-03
Test  : loss:2.53e-03
Valid: IC:0.0260, RIC:0.0244, Net Sharpe:1.2679, Turnover:0.7532, MDD:-0.3085
Test : IC:0.0204, RIC:0.0352, Net Sharpe:-0.7325, Turnover:0.5308, MDD:-0.3236
epoch8##########################################################
Train : loss:8.51e-04
Valid : loss:3.86e-03
Test  : loss:2.97e-03
Valid: IC:0.0261, RIC:0.0244, Net Sharpe:1.6247, Turnover:0.7738, MDD:-0.2305
Test : IC:0.0213, RIC:0.0354, Net Sharpe:-0.6347, Turnover:0.5494, MDD:-0.3406
epoch9##########################################################
Train : loss:8.43e-04
Valid : loss:4.12e-03
Test  : loss:2.96e-03
Valid: IC:0.0267, RIC:0.0249, Net Sharpe:1.9157, Turnover:0.7849, MDD:-0.2323
Test : IC:0.0220, RIC:0.0354, Net Sharpe:-0.9400, Turnover:0.5814, MDD:-0.3645
epoch10##########################################################
Train : loss:8.00e-04
Valid : loss:3.78e-03
Test  : loss:2.47e-03
Valid: IC:0.0264, RIC:0.0247, Net Sharpe:1.8653, Turnover:0.8516, MDD:-0.2329
Test : IC:0.0225, RIC:0.0351, Net Sharpe:-0.6109, Turnover:0.6236, MDD:-0.3529
epoch11##########################################################
Train : loss:7.59e-04
Valid : loss:3.36e-03
Test  : loss:2.08e-03
Valid: IC:0.0261, RIC:0.0246, Net Sharpe:1.4496, Turnover:0.8738, MDD:-0.2750
Test : IC:0.0227, RIC:0.0348, Net Sharpe:-0.2524, Turnover:0.6574, MDD:-0.3370
epoch12##########################################################
Train : loss:7.00e-04
Valid : loss:3.05e-03
Test  : loss:2.04e-03
Valid: IC:0.0263, RIC:0.0251, Net Sharpe:1.4180, Turnover:0.8960, MDD:-0.2859
Test : IC:0.0226, RIC:0.0344, Net Sharpe:0.4158, Turnover:0.6675, MDD:-0.2801
epoch13##########################################################
Train : loss:5.91e-04
Valid : loss:2.50e-03
Test  : loss:1.46e-03
Valid: IC:0.0256, RIC:0.0245, Net Sharpe:1.2497, Turnover:0.9643, MDD:-0.3384
Test : IC:0.0233, RIC:0.0341, Net Sharpe:-0.0625, Turnover:0.7722, MDD:-0.3199
epoch14##########################################################
Train : loss:6.96e-04
Valid : loss:3.64e-03
Test  : loss:3.63e-03
Valid: IC:0.0279, RIC:0.0261, Net Sharpe:1.5596, Turnover:0.6357, MDD:-0.2915
Test : IC:0.0189, RIC:0.0372, Net Sharpe:-0.9140, Turnover:0.3688, MDD:-0.3583
epoch15##########################################################
Train : loss:3.09e-04
Valid : loss:1.67e-03
Test  : loss:5.31e-04
Valid: IC:0.0222, RIC:0.0225, Net Sharpe:1.4427, Turnover:0.7786, MDD:-0.2292
Test : IC:0.0207, RIC:0.0361, Net Sharpe:-0.4660, Turnover:0.4616, MDD:-0.3411
epoch16##########################################################
Train : loss:-1.58e-04
Valid : loss:1.20e-03
Test  : loss:2.05e-06
Valid: IC:0.0167, RIC:0.0180, Net Sharpe:0.5336, Turnover:0.7722, MDD:-0.2697
Test : IC:0.0220, RIC:0.0365, Net Sharpe:-0.2356, Turnover:0.6996, MDD:-0.3812
epoch17##########################################################
Train : loss:-2.78e-04
Valid : loss:8.74e-04
Test  : loss:-4.34e-04
Valid: IC:0.0204, RIC:0.0211, Net Sharpe:1.1108, Turnover:0.8468, MDD:-0.2853
Test : IC:0.0245, RIC:0.0372, Net Sharpe:-0.3442, Turnover:0.7232, MDD:-0.3656
epoch18##########################################################
Train : loss:-3.53e-04
Valid : loss:1.05e-03
Test  : loss:-1.54e-04
Valid: IC:0.0178, RIC:0.0189, Net Sharpe:1.2942, Turnover:0.7611, MDD:-0.2841
Test : IC:0.0219, RIC:0.0361, Net Sharpe:-0.2737, Turnover:0.6371, MDD:-0.3649
epoch19##########################################################
Train : loss:-4.67e-04
Valid : loss:9.26e-04
Test  : loss:-1.87e-04
Valid: IC:0.0177, RIC:0.0187, Net Sharpe:1.3338, Turnover:0.7294, MDD:-0.2986
Test : IC:0.0205, RIC:0.0351, Net Sharpe:-0.3759, Turnover:0.5949, MDD:-0.3588
epoch20##########################################################
Train : loss:-6.03e-04
Valid : loss:5.58e-04
Test  : loss:-8.82e-04
Valid: IC:0.0177, RIC:0.0195, Net Sharpe:0.7378, Turnover:0.7754, MDD:-0.3929
Test : IC:0.0248, RIC:0.0364, Net Sharpe:0.4034, Turnover:0.6861, MDD:-0.3261
epoch21##########################################################
Train : loss:-4.30e-04
Valid : loss:8.51e-04
Test  : loss:-5.13e-04
Valid: IC:0.0194, RIC:0.0212, Net Sharpe:1.0033, Turnover:0.8500, MDD:-0.3687
Test : IC:0.0250, RIC:0.0363, Net Sharpe:-0.0002, Turnover:0.7586, MDD:-0.3444
epoch22##########################################################
Train : loss:-7.87e-04
Valid : loss:6.24e-04
Test  : loss:-7.75e-04
Valid: IC:0.0188, RIC:0.0209, Net Sharpe:1.2565, Turnover:0.6706, MDD:-0.2520
Test : IC:0.0215, RIC:0.0349, Net Sharpe:0.4087, Turnover:0.5679, MDD:-0.3242
epoch23##########################################################
Train : loss:-1.95e-04
Valid : loss:5.71e-04
Test  : loss:-4.77e-04
Valid: IC:0.0133, RIC:0.0171, Net Sharpe:0.5911, Turnover:0.8452, MDD:-0.3845
Test : IC:0.0248, RIC:0.0376, Net Sharpe:0.2781, Turnover:0.7586, MDD:-0.3597
epoch24##########################################################
Train : loss:-8.52e-04
Valid : loss:3.48e-04
Test  : loss:-7.87e-04
Valid: IC:0.0145, RIC:0.0190, Net Sharpe:0.9262, Turnover:0.8103, MDD:-0.3286
Test : IC:0.0246, RIC:0.0369, Net Sharpe:0.1630, Turnover:0.7013, MDD:-0.3797
epoch25##########################################################
Train : loss:-7.88e-04
Valid : loss:5.46e-04
Test  : loss:-5.10e-04
Valid: IC:0.0123, RIC:0.0177, Net Sharpe:0.4267, Turnover:0.8532, MDD:-0.4102
Test : IC:0.0259, RIC:0.0376, Net Sharpe:0.8534, Turnover:0.7722, MDD:-0.3396
epoch26##########################################################
Train : loss:-9.98e-04
Valid : loss:3.38e-04
Test  : loss:-7.41e-04
Valid: IC:0.0146, RIC:0.0198, Net Sharpe:0.7722, Turnover:0.8103, MDD:-0.3300
Test : IC:0.0251, RIC:0.0371, Net Sharpe:0.3072, Turnover:0.7165, MDD:-0.3492
epoch27##########################################################
Train : loss:-9.31e-04
Valid : loss:3.82e-04
Test  : loss:-6.42e-04
Valid: IC:0.0137, RIC:0.0192, Net Sharpe:0.5758, Turnover:0.8405, MDD:-0.3864
Test : IC:0.0255, RIC:0.0375, Net Sharpe:0.0595, Turnover:0.7232, MDD:-0.3807
epoch28##########################################################
Train : loss:-1.05e-03
Valid : loss:2.75e-04
Test  : loss:-6.77e-04
Valid: IC:0.0161, RIC:0.0211, Net Sharpe:0.3946, Turnover:0.8056, MDD:-0.4014
Test : IC:0.0242, RIC:0.0369, Net Sharpe:0.1736, Turnover:0.6743, MDD:-0.3437
epoch29##########################################################
Train : loss:-9.86e-04
Valid : loss:2.47e-04
Test  : loss:-6.74e-04
Valid: IC:0.0149, RIC:0.0202, Net Sharpe:0.3420, Turnover:0.8659, MDD:-0.4082
Test : IC:0.0245, RIC:0.0374, Net Sharpe:0.1747, Turnover:0.7215, MDD:-0.3415
epoch30##########################################################
Train : loss:-1.07e-03
Valid : loss:1.66e-04
Test  : loss:-7.16e-04
Valid: IC:0.0163, RIC:0.0213, Net Sharpe:0.2640, Turnover:0.8468, MDD:-0.3755
Test : IC:0.0238, RIC:0.0370, Net Sharpe:0.3955, Turnover:0.6759, MDD:-0.3400
epoch31##########################################################
Train : loss:-1.09e-03
Valid : loss:1.20e-04
Test  : loss:-6.51e-04
Valid: IC:0.0180, RIC:0.0225, Net Sharpe:0.3032, Turnover:0.7929, MDD:-0.3202
Test : IC:0.0225, RIC:0.0364, Net Sharpe:0.0496, Turnover:0.6084, MDD:-0.3287
epoch32##########################################################
Train : loss:-1.07e-03
Valid : loss:9.92e-05
Test  : loss:-5.97e-04
Valid: IC:0.0186, RIC:0.0230, Net Sharpe:0.4339, Turnover:0.7754, MDD:-0.3142
Test : IC:0.0220, RIC:0.0362, Net Sharpe:0.0824, Turnover:0.5764, MDD:-0.3392
epoch33##########################################################
Train : loss:-1.08e-03
Valid : loss:5.27e-05
Test  : loss:-6.28e-04
Valid: IC:0.0177, RIC:0.0224, Net Sharpe:0.2256, Turnover:0.7817, MDD:-0.3243
Test : IC:0.0221, RIC:0.0362, Net Sharpe:0.0329, Turnover:0.6051, MDD:-0.3568
epoch34##########################################################
Train : loss:-1.07e-03
Valid : loss:3.67e-05
Test  : loss:-6.74e-04
Valid: IC:0.0168, RIC:0.0219, Net Sharpe:0.1021, Turnover:0.8024, MDD:-0.3631
Test : IC:0.0225, RIC:0.0362, Net Sharpe:0.3234, Turnover:0.6253, MDD:-0.3352
epoch35##########################################################
Train : loss:-1.06e-03
Valid : loss:2.67e-05
Test  : loss:-7.27e-04
Valid: IC:0.0157, RIC:0.0212, Net Sharpe:0.0222, Turnover:0.8087, MDD:-0.3969
Test : IC:0.0227, RIC:0.0362, Net Sharpe:0.4291, Turnover:0.6439, MDD:-0.3306
epoch36##########################################################
Train : loss:-1.06e-03
Valid : loss:3.89e-05
Test  : loss:-7.48e-04
Valid: IC:0.0140, RIC:0.0199, Net Sharpe:0.1142, Turnover:0.7675, MDD:-0.3660
Test : IC:0.0225, RIC:0.0363, Net Sharpe:-0.0593, Turnover:0.6473, MDD:-0.3906
epoch37##########################################################
Train : loss:-1.00e-03
Valid : loss:1.31e-04
Test  : loss:-7.49e-04
Valid: IC:0.0123, RIC:0.0184, Net Sharpe:0.3112, Turnover:0.7262, MDD:-0.3340
Test : IC:0.0217, RIC:0.0360, Net Sharpe:0.4513, Turnover:0.6186, MDD:-0.3189
epoch38##########################################################
Train : loss:-8.51e-04
Valid : loss:7.58e-04
Test  : loss:-5.43e-04
Valid: IC:0.0127, RIC:0.0186, Net Sharpe:0.3698, Turnover:0.6071, MDD:-0.3273
Test : IC:0.0187, RIC:0.0351, Net Sharpe:0.8599, Turnover:0.4684, MDD:-0.2687
epoch39##########################################################
Train : loss:-2.88e-04
Valid : loss:1.67e-03
Test  : loss:1.46e-04
Valid: IC:0.0117, RIC:0.0159, Net Sharpe:0.8893, Turnover:0.5214, MDD:-0.2586
Test : IC:0.0150, RIC:0.0341, Net Sharpe:0.7071, Turnover:0.4059, MDD:-0.3173
epoch40##########################################################
Train : loss:-5.68e-04
Valid : loss:1.46e-03
Test  : loss:-3.04e-05
Valid: IC:0.0136, RIC:0.0183, Net Sharpe:0.6913, Turnover:0.5754, MDD:-0.2639
Test : IC:0.0172, RIC:0.0346, Net Sharpe:0.7350, Turnover:0.4464, MDD:-0.2426
epoch41##########################################################
Train : loss:-8.90e-04
Valid : loss:1.48e-03
Test  : loss:-1.04e-04
Valid: IC:0.0115, RIC:0.0157, Net Sharpe:0.6816, Turnover:0.5548, MDD:-0.2631
Test : IC:0.0165, RIC:0.0347, Net Sharpe:0.6100, Turnover:0.4481, MDD:-0.2890
epoch42##########################################################
Train : loss:-1.24e-03
Valid : loss:1.53e-03
Test  : loss:-3.65e-05
Valid: IC:0.0127, RIC:0.0167, Net Sharpe:0.7174, Turnover:0.5484, MDD:-0.2631
Test : IC:0.0157, RIC:0.0333, Net Sharpe:0.6957, Turnover:0.4245, MDD:-0.2177
epoch43##########################################################
Train : loss:-1.30e-03
Valid : loss:1.23e-03
Test  : loss:7.37e-05
Valid: IC:0.0089, RIC:0.0108, Net Sharpe:0.8002, Turnover:0.5690, MDD:-0.2722
Test : IC:0.0145, RIC:0.0318, Net Sharpe:1.0181, Turnover:0.4515, MDD:-0.1949
epoch44##########################################################
Train : loss:-1.63e-03
Valid : loss:1.05e-03
Test  : loss:1.63e-04
Valid: IC:0.0081, RIC:0.0092, Net Sharpe:0.7524, Turnover:0.5595, MDD:-0.2674
Test : IC:0.0139, RIC:0.0304, Net Sharpe:1.2624, Turnover:0.4565, MDD:-0.1852
epoch45##########################################################
Train : loss:-1.75e-03
Valid : loss:1.04e-03
Test  : loss:1.18e-04
Valid: IC:0.0074, RIC:0.0080, Net Sharpe:0.7700, Turnover:0.5833, MDD:-0.2574
Test : IC:0.0139, RIC:0.0291, Net Sharpe:1.4312, Turnover:0.4700, MDD:-0.1849
epoch46##########################################################
Train : loss:-2.05e-03
Valid : loss:7.58e-04
Test  : loss:-4.88e-05
Valid: IC:0.0103, RIC:0.0117, Net Sharpe:0.8609, Turnover:0.5484, MDD:-0.2715
Test : IC:0.0133, RIC:0.0290, Net Sharpe:1.3428, Turnover:0.4143, MDD:-0.1873
epoch47##########################################################
Train : loss:-2.27e-03
Valid : loss:7.59e-04
Test  : loss:1.31e-04
Valid: IC:0.0117, RIC:0.0128, Net Sharpe:1.0223, Turnover:0.5897, MDD:-0.2463
Test : IC:0.0134, RIC:0.0296, Net Sharpe:0.8265, Turnover:0.4262, MDD:-0.2042
epoch48##########################################################
Train : loss:-2.16e-03
Valid : loss:8.57e-04
Test  : loss:4.58e-05
Valid: IC:0.0128, RIC:0.0141, Net Sharpe:0.7367, Turnover:0.5897, MDD:-0.2587
Test : IC:0.0134, RIC:0.0291, Net Sharpe:0.6935, Turnover:0.4329, MDD:-0.1935
epoch49##########################################################
Train : loss:-2.27e-03
Valid : loss:9.13e-04
Test  : loss:2.19e-05
Valid: IC:0.0131, RIC:0.0147, Net Sharpe:0.8426, Turnover:0.6040, MDD:-0.2430
Test : IC:0.0139, RIC:0.0299, Net Sharpe:0.6444, Turnover:0.4380, MDD:-0.1985
epoch50##########################################################
Train : loss:-2.30e-03
Valid : loss:1.12e-03
Test  : loss:-1.94e-04
Valid: IC:0.0111, RIC:0.0127, Net Sharpe:0.7635, Turnover:0.6294, MDD:-0.2482
Test : IC:0.0148, RIC:0.0303, Net Sharpe:0.6040, Turnover:0.5004, MDD:-0.2089
epoch51##########################################################
Train : loss:-2.27e-03
Valid : loss:1.21e-03
Test  : loss:-3.61e-04
Valid: IC:0.0137, RIC:0.0157, Net Sharpe:0.9896, Turnover:0.6341, MDD:-0.2530
Test : IC:0.0149, RIC:0.0304, Net Sharpe:0.7340, Turnover:0.4987, MDD:-0.2145
epoch52##########################################################
Train : loss:-2.42e-03
Valid : loss:1.22e-03
Test  : loss:-3.18e-04
Valid: IC:0.0146, RIC:0.0170, Net Sharpe:0.8848, Turnover:0.6262, MDD:-0.2564
Test : IC:0.0150, RIC:0.0308, Net Sharpe:0.9580, Turnover:0.4903, MDD:-0.2025
epoch53##########################################################
Train : loss:-2.48e-03
Valid : loss:1.33e-03
Test  : loss:-6.59e-04
Valid: IC:0.0150, RIC:0.0174, Net Sharpe:0.9629, Turnover:0.6516, MDD:-0.2592
Test : IC:0.0158, RIC:0.0312, Net Sharpe:0.6095, Turnover:0.5055, MDD:-0.2299
epoch54##########################################################
Train : loss:-2.46e-03
Valid : loss:1.39e-03
Test  : loss:-8.78e-04
Valid: IC:0.0133, RIC:0.0159, Net Sharpe:0.9832, Turnover:0.6706, MDD:-0.2608
Test : IC:0.0161, RIC:0.0315, Net Sharpe:0.5061, Turnover:0.5426, MDD:-0.2114
epoch55##########################################################
Train : loss:-2.65e-03
Valid : loss:1.37e-03
Test  : loss:-1.02e-03
Valid: IC:0.0149, RIC:0.0176, Net Sharpe:1.0577, Turnover:0.6944, MDD:-0.2649
Test : IC:0.0166, RIC:0.0321, Net Sharpe:0.7177, Turnover:0.5443, MDD:-0.2095
epoch56##########################################################
Train : loss:-2.62e-03
Valid : loss:1.31e-03
Test  : loss:-1.26e-03
Valid: IC:0.0111, RIC:0.0144, Net Sharpe:0.9848, Turnover:0.7722, MDD:-0.2223
Test : IC:0.0184, RIC:0.0329, Net Sharpe:0.2884, Turnover:0.6624, MDD:-0.2391
epoch57##########################################################
Train : loss:-2.69e-03
Valid : loss:1.28e-03
Test  : loss:-1.41e-03
Valid: IC:0.0096, RIC:0.0132, Net Sharpe:0.9801, Turnover:0.7929, MDD:-0.2412
Test : IC:0.0190, RIC:0.0333, Net Sharpe:0.2136, Turnover:0.7063, MDD:-0.2498
epoch58##########################################################
Train : loss:-2.77e-03
Valid : loss:1.14e-03
Test  : loss:-1.64e-03
Valid: IC:0.0075, RIC:0.0122, Net Sharpe:0.8175, Turnover:0.8437, MDD:-0.2703
Test : IC:0.0200, RIC:0.0337, Net Sharpe:0.3158, Turnover:0.7536, MDD:-0.2526
epoch59##########################################################
Train : loss:-2.82e-03
Valid : loss:1.14e-03
Test  : loss:-1.77e-03
Valid: IC:0.0066, RIC:0.0117, Net Sharpe:0.7738, Turnover:0.8595, MDD:-0.2806
Test : IC:0.0202, RIC:0.0339, Net Sharpe:0.3608, Turnover:0.7738, MDD:-0.2407
epoch60##########################################################
Train : loss:-2.91e-03
Valid : loss:1.23e-03
Test  : loss:-1.81e-03
Valid: IC:0.0064, RIC:0.0115, Net Sharpe:0.8278, Turnover:0.8817, MDD:-0.2841
Test : IC:0.0204, RIC:0.0338, Net Sharpe:0.3282, Turnover:0.8076, MDD:-0.2227

Early stopping triggered at epoch 60.

================ FINAL BEST PERFORMANCE (Min Valid Loss) ================
Best Epoch: 35
Valid: IC:0.0157, RIC:0.0212, Net Sharpe:0.0222, Turnover:0.8087, MDD:-0.3969
Test : IC:0.0227, RIC:0.0362, Net Sharpe:0.4291, Turnover:0.6439, MDD:-0.3306
=========================================================================

